#
# A fatal error has been detected by the Java Runtime Environment:
#
#  Internal Error (generateOopMap.cpp:2164), pid=8980, tid=10988
#  fatal error: Illegal class file encountered. Try running with -Xverify:all in method createAuction
#
# JRE version: OpenJDK Runtime Environment (16.0.2+7) (build 16.0.2+7-67)
# Java VM: OpenJDK 64-Bit Server VM (16.0.2+7-67, mixed mode, tiered, compressed oops, compressed class ptrs, g1 gc, windows-amd64)
# No core dump will be written. Minidumps are not enabled by default on client versions of Windows
#
# If you would like to submit a bug report, please visit:
#   https://bugreport.java.com/bugreport/crash.jsp
#

---------------  S U M M A R Y ------------

Command Line: -XX:+ShowCodeDetailsInExceptionMessages -agentlib:jdwp=transport=dt_socket,suspend=y,address=localhost:55987 -Dcom.sun.management.jmxremote -Dcom.sun.management.jmxremote.port=55986 -Dcom.sun.management.jmxremote.authenticate=false -Dcom.sun.management.jmxremote.ssl=false -Djava.rmi.server.hostname=localhost -Dspring.jmx.enabled=true -Dspring.application.admin.enabled=true -XX:TieredStopAtLevel=1 -Dspring.boot.project.name=ApiProject -javaagent:C:\Users\Admin\Downloads\sts-4.12.0.RELEASE\configuration\org.eclipse.osgi\259\0\.cp\lib\javaagent-shaded.jar -Dfile.encoding=UTF-8 com.demo.ApiProjectApplication --spring.output.ansi.enabled=always

Host: Intel(R) Pentium(R) CPU N4200 @ 1.10GHz, 4 cores, 3G,  Windows 10 , 64 bit Build 18362 (10.0.18362.1766)
Time: Sat Jan  1 21:54:02 2022 SE Asia Standard Time elapsed time: 545.297092 seconds (0d 0h 9m 5s)

---------------  T H R E A D  ---------------

Current thread (0x00000228e82c9a40):  GCTaskThread "GC Thread#2" [stack: 0x0000006b63f00000,0x0000006b64000000] [id=10988]

Stack: [0x0000006b63f00000,0x0000006b64000000]
Native frames: (J=compiled Java code, j=interpreted, Vv=VM code, C=native code)
V  [jvm.dll+0x6681ca]
V  [jvm.dll+0x7c9e69]
V  [jvm.dll+0x7cb61e]
V  [jvm.dll+0x7cbc27]
V  [jvm.dll+0x2429b3]
V  [jvm.dll+0x330cf9]
V  [jvm.dll+0x32d1a4]
V  [jvm.dll+0x32f0b5]
V  [jvm.dll+0x32f72e]
V  [jvm.dll+0x32cdaf]
V  [jvm.dll+0x32c037]
V  [jvm.dll+0x656cce]
V  [jvm.dll+0x657534]
V  [jvm.dll+0x61c1d7]
V  [jvm.dll+0x2c043a]
V  [jvm.dll+0x2bfcc0]
V  [jvm.dll+0x2bfc55]
V  [jvm.dll+0x77da22]
V  [jvm.dll+0x77d8d9]
V  [jvm.dll+0x77dfa0]
V  [jvm.dll+0x30f35d]
V  [jvm.dll+0x30f414]
V  [jvm.dll+0x2ecd25]
V  [jvm.dll+0x7f7f0b]
V  [jvm.dll+0x7795aa]
V  [jvm.dll+0x667066]
C  [ucrtbase.dll+0x210b2]
C  [KERNEL32.DLL+0x17c24]
C  [ntdll.dll+0x6d721]

JavaThread 0x00000228ebf5caf0 (nid = 10188) was being processed
Java frames: (J=compiled Java code, j=interpreted, Vv=VM code)
j  com.demo.controllers.AuctionController.createAuction(Lcom/demo/Dtos/Input/AuctionInput;Lorg/springframework/validation/BindingResult;)Lorg/springframework/http/ResponseEntity;+18
v  ~StubRoutines::call_stub
J 2698  jdk.internal.reflect.NativeMethodAccessorImpl.invoke0(Ljava/lang/reflect/Method;Ljava/lang/Object;[Ljava/lang/Object;)Ljava/lang/Object; java.base@16.0.2 (0 bytes) @ 0x00000228d37cf83f [0x00000228d37cf7c0+0x000000000000007f]
J 2697 c1 jdk.internal.reflect.NativeMethodAccessorImpl.invoke(Ljava/lang/Object;[Ljava/lang/Object;)Ljava/lang/Object; java.base@16.0.2 (150 bytes) @ 0x00000228d37d0404 [0x00000228d37d00a0+0x0000000000000364]
J 2661 c1 jdk.internal.reflect.DelegatingMethodAccessorImpl.invoke(Ljava/lang/Object;[Ljava/lang/Object;)Ljava/lang/Object; java.base@16.0.2 (10 bytes) @ 0x00000228d37c3c9c [0x00000228d37c3c40+0x000000000000005c]
J 2676 c1 java.lang.reflect.Method.invoke(Ljava/lang/Object;[Ljava/lang/Object;)Ljava/lang/Object; java.base@16.0.2 (65 bytes) @ 0x00000228d37c917c [0x00000228d37c9060+0x000000000000011c]
j  org.springframework.web.method.support.InvocableHandlerMethod.doInvoke([Ljava/lang/Object;)Ljava/lang/Object;+28
j  org.springframework.web.method.support.InvocableHandlerMethod.invokeForRequest(Lorg/springframework/web/context/request/NativeWebRequest;Lorg/springframework/web/method/support/ModelAndViewContainer;[Ljava/lang/Object;)Ljava/lang/Object;+54
j  org.springframework.web.servlet.mvc.method.annotation.ServletInvocableHandlerMethod.invokeAndHandle(Lorg/springframework/web/context/request/ServletWebRequest;Lorg/springframework/web/method/support/ModelAndViewContainer;[Ljava/lang/Object;)V+4
j  org.springframework.web.servlet.mvc.method.annotation.RequestMappingHandlerAdapter.invokeHandlerMethod(Ljavax/servlet/http/HttpServletRequest;Ljavax/servlet/http/HttpServletResponse;Lorg/springframework/web/method/HandlerMethod;)Lorg/springframework/web/servlet/ModelAndView;+244
j  org.springframework.web.servlet.mvc.method.annotation.RequestMappingHandlerAdapter.handleInternal(Ljavax/servlet/http/HttpServletRequest;Ljavax/servlet/http/HttpServletResponse;Lorg/springframework/web/method/HandlerMethod;)Lorg/springframework/web/servlet/ModelAndView;+81
j  org.springframework.web.servlet.mvc.method.AbstractHandlerMethodAdapter.handle(Ljavax/servlet/http/HttpServletRequest;Ljavax/servlet/http/HttpServletResponse;Ljava/lang/Object;)Lorg/springframework/web/servlet/ModelAndView;+7
j  org.springframework.web.servlet.DispatcherServlet.doDispatch(Ljavax/servlet/http/HttpServletRequest;Ljavax/servlet/http/HttpServletResponse;)V+259
j  org.springframework.web.servlet.DispatcherServlet.doService(Ljavax/servlet/http/HttpServletRequest;Ljavax/servlet/http/HttpServletResponse;)V+241
j  org.springframework.web.servlet.FrameworkServlet.processRequest(Ljavax/servlet/http/HttpServletRequest;Ljavax/servlet/http/HttpServletResponse;)V+71
j  org.springframework.web.servlet.FrameworkServlet.doPost(Ljavax/servlet/http/HttpServletRequest;Ljavax/servlet/http/HttpServletResponse;)V+3
j  javax.servlet.http.HttpServlet.service(Ljavax/servlet/http/HttpServletRequest;Ljavax/servlet/http/HttpServletResponse;)V+149
j  org.springframework.web.servlet.FrameworkServlet.service(Ljavax/servlet/http/HttpServletRequest;Ljavax/servlet/http/HttpServletResponse;)V+33
j  javax.servlet.http.HttpServlet.service(Ljavax/servlet/ServletRequest;Ljavax/servlet/ServletResponse;)V+36
j  org.apache.catalina.core.ApplicationFilterChain.internalDoFilter(Ljavax/servlet/ServletRequest;Ljavax/servlet/ServletResponse;)V+304
j  org.apache.catalina.core.ApplicationFilterChain.doFilter(Ljavax/servlet/ServletRequest;Ljavax/servlet/ServletResponse;)V+99
j  org.apache.tomcat.websocket.server.WsFilter.doFilter(Ljavax/servlet/ServletRequest;Ljavax/servlet/ServletResponse;Ljavax/servlet/FilterChain;)V+21
j  org.apache.catalina.core.ApplicationFilterChain.internalDoFilter(Ljavax/servlet/ServletRequest;Ljavax/servlet/ServletResponse;)V+135
j  org.apache.catalina.core.ApplicationFilterChain.doFilter(Ljavax/servlet/ServletRequest;Ljavax/servlet/ServletResponse;)V+99
j  org.springframework.web.filter.RequestContextFilter.doFilterInternal(Ljavax/servlet/http/HttpServletRequest;Ljavax/servlet/http/HttpServletResponse;Ljavax/servlet/FilterChain;)V+21
j  org.springframework.web.filter.OncePerRequestFilter.doFilter(Ljavax/servlet/ServletRequest;Ljavax/servlet/ServletResponse;Ljavax/servlet/FilterChain;)V+147
j  org.apache.catalina.core.ApplicationFilterChain.internalDoFilter(Ljavax/servlet/ServletRequest;Ljavax/servlet/ServletResponse;)V+135
j  org.apache.catalina.core.ApplicationFilterChain.doFilter(Ljavax/servlet/ServletRequest;Ljavax/servlet/ServletResponse;)V+99
j  org.springframework.web.filter.FormContentFilter.doFilterInternal(Ljavax/servlet/http/HttpServletRequest;Ljavax/servlet/http/HttpServletResponse;Ljavax/servlet/FilterChain;)V+38
j  org.springframework.web.filter.OncePerRequestFilter.doFilter(Ljavax/servlet/ServletRequest;Ljavax/servlet/ServletResponse;Ljavax/servlet/FilterChain;)V+147
j  org.apache.catalina.core.ApplicationFilterChain.internalDoFilter(Ljavax/servlet/ServletRequest;Ljavax/servlet/ServletResponse;)V+135
j  org.apache.catalina.core.ApplicationFilterChain.doFilter(Ljavax/servlet/ServletRequest;Ljavax/servlet/ServletResponse;)V+99
j  org.springframework.web.filter.CharacterEncodingFilter.doFilterInternal(Ljavax/servlet/http/HttpServletRequest;Ljavax/servlet/http/HttpServletResponse;Ljavax/servlet/FilterChain;)V+53
j  org.springframework.web.filter.OncePerRequestFilter.doFilter(Ljavax/servlet/ServletRequest;Ljavax/servlet/ServletResponse;Ljavax/servlet/FilterChain;)V+147
j  org.apache.catalina.core.ApplicationFilterChain.internalDoFilter(Ljavax/servlet/ServletRequest;Ljavax/servlet/ServletResponse;)V+135
j  org.apache.catalina.core.ApplicationFilterChain.doFilter(Ljavax/servlet/ServletRequest;Ljavax/servlet/ServletResponse;)V+99
j  org.apache.catalina.core.StandardWrapperValve.invoke(Lorg/apache/catalina/connector/Request;Lorg/apache/catalina/connector/Response;)V+694
j  org.apache.catalina.core.StandardContextValve.invoke(Lorg/apache/catalina/connector/Request;Lorg/apache/catalina/connector/Response;)V+169
j  org.apache.catalina.authenticator.AuthenticatorBase.invoke(Lorg/apache/catalina/connector/Request;Lorg/apache/catalina/connector/Response;)V+260
j  org.apache.catalina.core.StandardHostValve.invoke(Lorg/apache/catalina/connector/Request;Lorg/apache/catalina/connector/Response;)V+128
j  org.apache.catalina.valves.ErrorReportValve.invoke(Lorg/apache/catalina/connector/Request;Lorg/apache/catalina/connector/Response;)V+6
j  org.apache.catalina.core.StandardEngineValve.invoke(Lorg/apache/catalina/connector/Request;Lorg/apache/catalina/connector/Response;)V+59
j  org.apache.catalina.connector.CoyoteAdapter.service(Lorg/apache/coyote/Request;Lorg/apache/coyote/Response;)V+199
j  org.apache.coyote.http11.Http11Processor.service(Lorg/apache/tomcat/util/net/SocketWrapperBase;)Lorg/apache/tomcat/util/net/AbstractEndpoint$Handler$SocketState;+737
j  org.apache.coyote.AbstractProcessorLight.process(Lorg/apache/tomcat/util/net/SocketWrapperBase;Lorg/apache/tomcat/util/net/SocketEvent;)Lorg/apache/tomcat/util/net/AbstractEndpoint$Handler$SocketState;+170
j  org.apache.coyote.AbstractProtocol$ConnectionHandler.process(Lorg/apache/tomcat/util/net/SocketWrapperBase;Lorg/apache/tomcat/util/net/SocketEvent;)Lorg/apache/tomcat/util/net/AbstractEndpoint$Handler$SocketState;+505
j  org.apache.tomcat.util.net.NioEndpoint$SocketProcessor.doRun()V+216
j  org.apache.tomcat.util.net.SocketProcessorBase.run()V+21
j  org.apache.tomcat.util.threads.ThreadPoolExecutor.runWorker(Lorg/apache/tomcat/util/threads/ThreadPoolExecutor$Worker;)V+92
j  org.apache.tomcat.util.threads.ThreadPoolExecutor$Worker.run()V+5
j  org.apache.tomcat.util.threads.TaskThread$WrappingRunnable.run()V+4
j  java.lang.Thread.run()V+11 java.base@16.0.2
v  ~StubRoutines::call_stub

---------------  P R O C E S S  ---------------

Threads class SMR info:
_java_thread_list=0x00000228ec967280, length=25, elements={
0x00000228e6d49260, 0x00000228e6d4a2b0, 0x00000228e6d67ad0, 0x00000228e6d800e0,
0x00000228e6d82a00, 0x00000228e6d86810, 0x00000228e6d8f130, 0x00000228e6d8fa80,
0x00000228e78a4040, 0x00000228e79d1250, 0x00000228e79d8560, 0x00000228e79d8aa0,
0x00000228e806a690, 0x00000228e82ed0a0, 0x00000228e8306a40, 0x00000228e83360a0,
0x00000228e83d4d90, 0x00000228e834ad80, 0x00000228e83eebc0, 0x00000228e83ed130,
0x00000228ebf62540, 0x00000228ebf5d040, 0x00000228ebf5caf0, 0x00000228ebf60ab0,
0x00000228e83ee120
}

Java Threads: ( => current thread )
  0x00000228e6d49260 JavaThread "Reference Handler" daemon [_thread_blocked, id=4292, stack(0x0000006b63100000,0x0000006b63200000)]
  0x00000228e6d4a2b0 JavaThread "Finalizer" daemon [_thread_blocked, id=11244, stack(0x0000006b63200000,0x0000006b63300000)]
  0x00000228e6d67ad0 JavaThread "Signal Dispatcher" daemon [_thread_blocked, id=8640, stack(0x0000006b63300000,0x0000006b63400000)]
  0x00000228e6d800e0 JavaThread "Attach Listener" daemon [_thread_blocked, id=6664, stack(0x0000006b63400000,0x0000006b63500000)]
  0x00000228e6d82a00 JavaThread "Service Thread" daemon [_thread_blocked, id=10192, stack(0x0000006b63500000,0x0000006b63600000)]
  0x00000228e6d86810 JavaThread "Monitor Deflation Thread" daemon [_thread_blocked, id=8512, stack(0x0000006b63600000,0x0000006b63700000)]
  0x00000228e6d8f130 JavaThread "C1 CompilerThread0" daemon [_thread_blocked, id=2488, stack(0x0000006b63700000,0x0000006b63800000)]
  0x00000228e6d8fa80 JavaThread "Sweeper thread" daemon [_thread_blocked, id=7128, stack(0x0000006b63800000,0x0000006b63900000)]
  0x00000228e78a4040 JavaThread "Common-Cleaner" daemon [_thread_blocked, id=1272, stack(0x0000006b63900000,0x0000006b63a00000)]
  0x00000228e79d1250 JavaThread "JDWP Transport Listener: dt_socket" daemon [_thread_blocked, id=10936, stack(0x0000006b63a00000,0x0000006b63b00000)]
  0x00000228e79d8560 JavaThread "JDWP Event Helper Thread" daemon [_thread_blocked, id=10776, stack(0x0000006b63b00000,0x0000006b63c00000)]
  0x00000228e79d8aa0 JavaThread "JDWP Command Reader" daemon [_thread_in_native, id=2112, stack(0x0000006b63c00000,0x0000006b63d00000)]
  0x00000228e806a690 JavaThread "Notification Thread" daemon [_thread_blocked, id=10724, stack(0x0000006b63d00000,0x0000006b63e00000)]
  0x00000228e82ed0a0 JavaThread "RMI TCP Accept-0" daemon [_thread_in_native, id=6312, stack(0x0000006b64200000,0x0000006b64300000)]
  0x00000228e8306a40 JavaThread "RMI TCP Accept-55986" daemon [_thread_in_native, id=400, stack(0x0000006b64300000,0x0000006b64400000)]
  0x00000228e83360a0 JavaThread "RMI TCP Accept-0" daemon [_thread_in_native, id=8332, stack(0x0000006b64400000,0x0000006b64500000)]
  0x00000228e83d4d90 JavaThread "RMI Scheduler(0)" daemon [_thread_blocked, id=3812, stack(0x0000006b64700000,0x0000006b64800000)]
  0x00000228e834ad80 JavaThread "RMI TCP Connection(12)-127.0.0.1" daemon [_thread_in_native, id=10468, stack(0x0000006b64800000,0x0000006b64900000)]
  0x00000228e83eebc0 JavaThread "JMX server connection timeout 24" daemon [_thread_blocked, id=8292, stack(0x0000006b64900000,0x0000006b64a00000)]
  0x00000228e83ed130 JavaThread "mysql-cj-abandoned-connection-cleanup" daemon [_thread_blocked, id=10828, stack(0x0000006b64f00000,0x0000006b65000000)]
  0x00000228ebf62540 JavaThread "Live Reload Server" daemon [_thread_in_native, id=1940, stack(0x0000006b65400000,0x0000006b65500000)]
  0x00000228ebf5d040 JavaThread "DestroyJavaVM" [_thread_blocked, id=5492, stack(0x0000006b62a00000,0x0000006b62b00000)]
  0x00000228ebf5caf0 JavaThread "http-nio-9799-exec-3" daemon [_thread_blocked, id=10188, stack(0x0000006b65300000,0x0000006b65400000)]
  0x00000228ebf60ab0 JavaThread "http-nio-9799-exec-4" daemon [_thread_blocked, id=1276, stack(0x0000006b65600000,0x0000006b65700000)]
  0x00000228e83ee120 JavaThread "Thread-27" [_thread_blocked, id=11436, stack(0x0000006b65700000,0x0000006b65800000)]

Other Threads:
  0x00000228e6cea840 VMThread "VM Thread" [stack: 0x0000006b63000000,0x0000006b63100000] [id=7280]
  0x00000228cdf3f330 WatcherThread [stack: 0x0000006b64500000,0x0000006b64600000] [id=8388]
  0x00000228cdf6b740 GCTaskThread "GC Thread#0" [stack: 0x0000006b62b00000,0x0000006b62c00000] [id=8952]
  0x00000228e82bc8a0 GCTaskThread "GC Thread#1" [stack: 0x0000006b63e00000,0x0000006b63f00000] [id=2288]
=>0x00000228e82c9a40 GCTaskThread "GC Thread#2" [stack: 0x0000006b63f00000,0x0000006b64000000] [id=10988]
  0x00000228e82bf9f0 GCTaskThread "GC Thread#3" [stack: 0x0000006b64000000,0x0000006b64100000] [id=6052]
  0x00000228cdf752e0 ConcurrentGCThread "G1 Main Marker" [stack: 0x0000006b62c00000,0x0000006b62d00000] [id=5832]
  0x00000228cdf76480 ConcurrentGCThread "G1 Conc#0" [stack: 0x0000006b62d00000,0x0000006b62e00000] [id=8888]
  0x00000228cdfb5d60 ConcurrentGCThread "G1 Refine#0" [stack: 0x0000006b62e00000,0x0000006b62f00000] [id=6180]
  0x00000228e7a15aa0 ConcurrentGCThread "G1 Refine#1" [stack: 0x0000006b64100000,0x0000006b64200000] [id=6156]
  0x00000228cdfb8b10 ConcurrentGCThread "G1 Service" [stack: 0x0000006b62f00000,0x0000006b63000000] [id=6800]

Threads with active compile tasks:

VM state: at safepoint (normal execution)

VM Mutex/Monitor currently owned by a thread:  ([mutex/lock_event])
[0x00000228cdf3bb90] Threads_lock - owner thread: 0x00000228e6cea840
[0x00000228cdf3ac60] Heap_lock - owner thread: 0x00000228e83ee120

Heap address: 0x00000000c2600000, size: 986 MB, Compressed Oops mode: 32-bit

CDS disabled.
Compressed class space mapped at: 0x0000000100000000-0x0000000140000000, reserved size: 1073741824
Narrow klass base: 0x0000000000000000, Narrow klass shift: 3, Narrow klass range: 0x140000000

GC Precious Log:
 CPUs: 4 total, 4 available
 Memory: 3936M
 Large Page Support: Disabled
 NUMA Support: Disabled
 Compressed Oops: Enabled (32-bit)
 Heap Region Size: 1M
 Heap Min Capacity: 8M
 Heap Initial Capacity: 62M
 Heap Max Capacity: 986M
 Pre-touch: Disabled
 Parallel Workers: 4
 Concurrent Workers: 1
 Concurrent Refinement Workers: 4
 Periodic GC: Disabled

Heap:
 garbage-first heap   total 89088K, used 49995K [0x00000000c2600000, 0x0000000100000000)
  region size 1024K, 21 young (21504K), 6 survivors (6144K)
 Metaspace       used 73665K, committed 74304K, reserved 1114112K
  class space    used 9673K, committed 9984K, reserved 1048576K

Heap Regions: E=young(eden), S=young(survivor), O=old, HS=humongous(starts), HC=humongous(continues), CS=collection set, F=free, OA=open archive, CA=closed archive, TAMS=top-at-mark-start (previous, next)
|   0|0x00000000c2600000, 0x00000000c2700000, 0x00000000c2700000|100%|HS|  |TAMS 0x00000000c2700000, 0x00000000c2600000| Untracked 
|   1|0x00000000c2700000, 0x00000000c27fd968, 0x00000000c2800000| 99%| O|  |TAMS 0x00000000c2700000, 0x00000000c2700000| Untracked 
|   2|0x00000000c2800000, 0x00000000c28fffe8, 0x00000000c2900000| 99%| O|  |TAMS 0x00000000c2800000, 0x00000000c2800000| Untracked 
|   3|0x00000000c2900000, 0x00000000c2a00000, 0x00000000c2a00000|100%| O|  |TAMS 0x00000000c2900000, 0x00000000c2900000| Untracked 
|   4|0x00000000c2a00000, 0x00000000c2ae7a90, 0x00000000c2b00000| 90%| O|  |TAMS 0x00000000c2a00000, 0x00000000c2a00000| Untracked 
|   5|0x00000000c2b00000, 0x00000000c2bfffe0, 0x00000000c2c00000| 99%| O|  |TAMS 0x00000000c2b00000, 0x00000000c2b00000| Untracked 
|   6|0x00000000c2c00000, 0x00000000c2cffff0, 0x00000000c2d00000| 99%| O|  |TAMS 0x00000000c2c00000, 0x00000000c2c00000| Untracked 
|   7|0x00000000c2d00000, 0x00000000c2dffff0, 0x00000000c2e00000| 99%| O|  |TAMS 0x00000000c2d00000, 0x00000000c2d00000| Untracked 
|   8|0x00000000c2e00000, 0x00000000c2f00000, 0x00000000c2f00000|100%| O|  |TAMS 0x00000000c2e00000, 0x00000000c2e00000| Untracked 
|   9|0x00000000c2f00000, 0x00000000c2ffffb0, 0x00000000c3000000| 99%| O|  |TAMS 0x00000000c2f00000, 0x00000000c2f00000| Untracked 
|  10|0x00000000c3000000, 0x00000000c30ffff0, 0x00000000c3100000| 99%| O|  |TAMS 0x00000000c3000000, 0x00000000c3000000| Untracked 
|  11|0x00000000c3100000, 0x00000000c31fffe0, 0x00000000c3200000| 99%| O|  |TAMS 0x00000000c3100000, 0x00000000c3100000| Untracked 
|  12|0x00000000c3200000, 0x00000000c32fffe8, 0x00000000c3300000| 99%| O|  |TAMS 0x00000000c3200000, 0x00000000c3200000| Untracked 
|  13|0x00000000c3300000, 0x00000000c33ffff8, 0x00000000c3400000| 99%| O|  |TAMS 0x00000000c3300000, 0x00000000c3300000| Untracked 
|  14|0x00000000c3400000, 0x00000000c3500000, 0x00000000c3500000|100%| O|  |TAMS 0x00000000c3400000, 0x00000000c3400000| Untracked 
|  15|0x00000000c3500000, 0x00000000c35ffff0, 0x00000000c3600000| 99%| O|  |TAMS 0x00000000c3500000, 0x00000000c3500000| Untracked 
|  16|0x00000000c3600000, 0x00000000c36ffff0, 0x00000000c3700000| 99%| O|  |TAMS 0x00000000c3600000, 0x00000000c3600000| Untracked 
|  17|0x00000000c3700000, 0x00000000c37fffd0, 0x00000000c3800000| 99%| O|  |TAMS 0x00000000c3700000, 0x00000000c3700000| Untracked 
|  18|0x00000000c3800000, 0x00000000c38fff98, 0x00000000c3900000| 99%| O|  |TAMS 0x00000000c3800000, 0x00000000c3800000| Untracked 
|  19|0x00000000c3900000, 0x00000000c39fffe8, 0x00000000c3a00000| 99%| O|  |TAMS 0x00000000c3900000, 0x00000000c3900000| Untracked 
|  20|0x00000000c3a00000, 0x00000000c3affff8, 0x00000000c3b00000| 99%| O|  |TAMS 0x00000000c3a00000, 0x00000000c3a00000| Untracked 
|  21|0x00000000c3b00000, 0x00000000c3bfffe8, 0x00000000c3c00000| 99%| O|  |TAMS 0x00000000c3b00000, 0x00000000c3b00000| Untracked 
|  22|0x00000000c3c00000, 0x00000000c3cff9d0, 0x00000000c3d00000| 99%| O|  |TAMS 0x00000000c3c00000, 0x00000000c3c00000| Untracked 
|  23|0x00000000c3d00000, 0x00000000c3dffff8, 0x00000000c3e00000| 99%| O|  |TAMS 0x00000000c3d00000, 0x00000000c3d00000| Untracked 
|  24|0x00000000c3e00000, 0x00000000c3efffe8, 0x00000000c3f00000| 99%| O|  |TAMS 0x00000000c3e00000, 0x00000000c3e00000| Untracked 
|  25|0x00000000c3f00000, 0x00000000c3ffffd8, 0x00000000c4000000| 99%| O|  |TAMS 0x00000000c3f00000, 0x00000000c3f00000| Untracked 
|  26|0x00000000c4000000, 0x00000000c40efc28, 0x00000000c4100000| 93%| O|  |TAMS 0x00000000c4000000, 0x00000000c4000000| Untracked 
|  27|0x00000000c4100000, 0x00000000c41fffe8, 0x00000000c4200000| 99%| O|  |TAMS 0x00000000c4100000, 0x00000000c4100000| Untracked 
|  28|0x00000000c4200000, 0x00000000c4208d80, 0x00000000c4300000|  3%| O|  |TAMS 0x00000000c4200000, 0x00000000c4200000| Untracked 
|  29|0x00000000c4300000, 0x00000000c4314800, 0x00000000c4400000|  8%| O|  |TAMS 0x00000000c4300000, 0x00000000c4300000| Untracked 
|  30|0x00000000c4400000, 0x00000000c4400000, 0x00000000c4500000|  0%| F|  |TAMS 0x00000000c4400000, 0x00000000c4400000| Untracked 
|  31|0x00000000c4500000, 0x00000000c45bdd70, 0x00000000c4600000| 74%| O|  |TAMS 0x00000000c4500000, 0x00000000c4500000| Untracked 
|  32|0x00000000c4600000, 0x00000000c4600000, 0x00000000c4700000|  0%| F|  |TAMS 0x00000000c4600000, 0x00000000c4600000| Untracked 
|  33|0x00000000c4700000, 0x00000000c4700000, 0x00000000c4800000|  0%| F|  |TAMS 0x00000000c4700000, 0x00000000c4700000| Untracked 
|  34|0x00000000c4800000, 0x00000000c4800000, 0x00000000c4900000|  0%| F|  |TAMS 0x00000000c4800000, 0x00000000c4800000| Untracked 
|  35|0x00000000c4900000, 0x00000000c4900000, 0x00000000c4a00000|  0%| F|  |TAMS 0x00000000c4900000, 0x00000000c4900000| Untracked 
|  36|0x00000000c4a00000, 0x00000000c4a00000, 0x00000000c4b00000|  0%| F|  |TAMS 0x00000000c4a00000, 0x00000000c4a00000| Untracked 
|  37|0x00000000c4b00000, 0x00000000c4b00000, 0x00000000c4c00000|  0%| F|  |TAMS 0x00000000c4b00000, 0x00000000c4b00000| Untracked 
|  38|0x00000000c4c00000, 0x00000000c4c00000, 0x00000000c4d00000|  0%| F|  |TAMS 0x00000000c4c00000, 0x00000000c4c00000| Untracked 
|  39|0x00000000c4d00000, 0x00000000c4d00000, 0x00000000c4e00000|  0%| F|  |TAMS 0x00000000c4d00000, 0x00000000c4d00000| Untracked 
|  40|0x00000000c4e00000, 0x00000000c4f00000, 0x00000000c4f00000|100%| S|  |TAMS 0x00000000c4e00000, 0x00000000c4e00000| Complete 
|  41|0x00000000c4f00000, 0x00000000c5000000, 0x00000000c5000000|100%| S|  |TAMS 0x00000000c4f00000, 0x00000000c4f00000| Complete 
|  42|0x00000000c5000000, 0x00000000c5100000, 0x00000000c5100000|100%| S|  |TAMS 0x00000000c5000000, 0x00000000c5000000| Complete 
|  43|0x00000000c5100000, 0x00000000c5200000, 0x00000000c5200000|100%| S|  |TAMS 0x00000000c5100000, 0x00000000c5100000| Complete 
|  44|0x00000000c5200000, 0x00000000c5300000, 0x00000000c5300000|100%| S|  |TAMS 0x00000000c5200000, 0x00000000c5200000| Complete 
|  45|0x00000000c5300000, 0x00000000c5400000, 0x00000000c5400000|100%| S|  |TAMS 0x00000000c5300000, 0x00000000c5300000| Complete 
|  46|0x00000000c5400000, 0x00000000c5400000, 0x00000000c5500000|  0%| F|  |TAMS 0x00000000c5400000, 0x00000000c5400000| Untracked 
|  47|0x00000000c5500000, 0x00000000c5500000, 0x00000000c5600000|  0%| F|  |TAMS 0x00000000c5500000, 0x00000000c5500000| Untracked 
|  48|0x00000000c5600000, 0x00000000c5600000, 0x00000000c5700000|  0%| F|  |TAMS 0x00000000c5600000, 0x00000000c5600000| Untracked 
|  49|0x00000000c5700000, 0x00000000c5700000, 0x00000000c5800000|  0%| F|  |TAMS 0x00000000c5700000, 0x00000000c5700000| Untracked 
|  50|0x00000000c5800000, 0x00000000c5800000, 0x00000000c5900000|  0%| F|  |TAMS 0x00000000c5800000, 0x00000000c5800000| Untracked 
|  51|0x00000000c5900000, 0x00000000c5900000, 0x00000000c5a00000|  0%| F|  |TAMS 0x00000000c5900000, 0x00000000c5900000| Untracked 
|  52|0x00000000c5a00000, 0x00000000c5a00000, 0x00000000c5b00000|  0%| F|  |TAMS 0x00000000c5a00000, 0x00000000c5a00000| Untracked 
|  53|0x00000000c5b00000, 0x00000000c5b00000, 0x00000000c5c00000|  0%| F|  |TAMS 0x00000000c5b00000, 0x00000000c5b00000| Untracked 
|  54|0x00000000c5c00000, 0x00000000c5c00000, 0x00000000c5d00000|  0%| F|  |TAMS 0x00000000c5c00000, 0x00000000c5c00000| Untracked 
|  55|0x00000000c5d00000, 0x00000000c5d00000, 0x00000000c5e00000|  0%| F|  |TAMS 0x00000000c5d00000, 0x00000000c5d00000| Untracked 
|  56|0x00000000c5e00000, 0x00000000c5e00000, 0x00000000c5f00000|  0%| F|  |TAMS 0x00000000c5e00000, 0x00000000c5e00000| Untracked 
|  57|0x00000000c5f00000, 0x00000000c5f00000, 0x00000000c6000000|  0%| F|  |TAMS 0x00000000c5f00000, 0x00000000c5f00000| Untracked 
|  58|0x00000000c6000000, 0x00000000c6000000, 0x00000000c6100000|  0%| F|  |TAMS 0x00000000c6000000, 0x00000000c6000000| Untracked 
|  59|0x00000000c6100000, 0x00000000c6100000, 0x00000000c6200000|  0%| F|  |TAMS 0x00000000c6100000, 0x00000000c6100000| Untracked 
|  60|0x00000000c6200000, 0x00000000c6200000, 0x00000000c6300000|  0%| F|  |TAMS 0x00000000c6200000, 0x00000000c6200000| Untracked 
|  61|0x00000000c6300000, 0x00000000c6300000, 0x00000000c6400000|  0%| F|  |TAMS 0x00000000c6300000, 0x00000000c6300000| Untracked 
|  62|0x00000000c6400000, 0x00000000c6400000, 0x00000000c6500000|  0%| F|  |TAMS 0x00000000c6400000, 0x00000000c6400000| Untracked 
|  63|0x00000000c6500000, 0x00000000c6500000, 0x00000000c6600000|  0%| F|  |TAMS 0x00000000c6500000, 0x00000000c6500000| Untracked 
|  64|0x00000000c6600000, 0x00000000c6600000, 0x00000000c6700000|  0%| F|  |TAMS 0x00000000c6600000, 0x00000000c6600000| Untracked 
|  65|0x00000000c6700000, 0x00000000c6700000, 0x00000000c6800000|  0%| F|  |TAMS 0x00000000c6700000, 0x00000000c6700000| Untracked 
|  66|0x00000000c6800000, 0x00000000c6800000, 0x00000000c6900000|  0%| F|  |TAMS 0x00000000c6800000, 0x00000000c6800000| Untracked 
|  67|0x00000000c6900000, 0x00000000c6900000, 0x00000000c6a00000|  0%| F|  |TAMS 0x00000000c6900000, 0x00000000c6900000| Untracked 
|  68|0x00000000c6a00000, 0x00000000c6a00000, 0x00000000c6b00000|  0%| F|  |TAMS 0x00000000c6a00000, 0x00000000c6a00000| Untracked 
|  69|0x00000000c6b00000, 0x00000000c6b00000, 0x00000000c6c00000|  0%| F|  |TAMS 0x00000000c6b00000, 0x00000000c6b00000| Untracked 
|  70|0x00000000c6c00000, 0x00000000c6c00000, 0x00000000c6d00000|  0%| F|  |TAMS 0x00000000c6c00000, 0x00000000c6c00000| Untracked 
|  71|0x00000000c6d00000, 0x00000000c6d00000, 0x00000000c6e00000|  0%| F|  |TAMS 0x00000000c6d00000, 0x00000000c6d00000| Untracked 
|  72|0x00000000c6e00000, 0x00000000c6e23528, 0x00000000c6f00000| 13%| E|  |TAMS 0x00000000c6e00000, 0x00000000c6e00000| Complete 
|  73|0x00000000c6f00000, 0x00000000c7000000, 0x00000000c7000000|100%| E|  |TAMS 0x00000000c6f00000, 0x00000000c6f00000| Complete 
|  74|0x00000000c7000000, 0x00000000c7100000, 0x00000000c7100000|100%| E|  |TAMS 0x00000000c7000000, 0x00000000c7000000| Complete 
|  75|0x00000000c7100000, 0x00000000c7200000, 0x00000000c7200000|100%| E|  |TAMS 0x00000000c7100000, 0x00000000c7100000| Complete 
|  76|0x00000000c7200000, 0x00000000c7300000, 0x00000000c7300000|100%| E|  |TAMS 0x00000000c7200000, 0x00000000c7200000| Complete 
|  77|0x00000000c7300000, 0x00000000c7400000, 0x00000000c7400000|100%| E|  |TAMS 0x00000000c7300000, 0x00000000c7300000| Complete 
|  78|0x00000000c7400000, 0x00000000c7500000, 0x00000000c7500000|100%| E|  |TAMS 0x00000000c7400000, 0x00000000c7400000| Complete 
|  79|0x00000000c7500000, 0x00000000c7600000, 0x00000000c7600000|100%| E|  |TAMS 0x00000000c7500000, 0x00000000c7500000| Complete 
|  80|0x00000000c7600000, 0x00000000c7700000, 0x00000000c7700000|100%| E|  |TAMS 0x00000000c7600000, 0x00000000c7600000| Complete 
|  81|0x00000000c7700000, 0x00000000c7800000, 0x00000000c7800000|100%| E|  |TAMS 0x00000000c7700000, 0x00000000c7700000| Complete 
|  82|0x00000000c7800000, 0x00000000c7900000, 0x00000000c7900000|100%| E|  |TAMS 0x00000000c7800000, 0x00000000c7800000| Complete 
|  83|0x00000000c7900000, 0x00000000c7a00000, 0x00000000c7a00000|100%| E|  |TAMS 0x00000000c7900000, 0x00000000c7900000| Complete 
|  84|0x00000000c7a00000, 0x00000000c7b00000, 0x00000000c7b00000|100%| E|  |TAMS 0x00000000c7a00000, 0x00000000c7a00000| Complete 
|  85|0x00000000c7b00000, 0x00000000c7c00000, 0x00000000c7c00000|100%| E|  |TAMS 0x00000000c7b00000, 0x00000000c7b00000| Complete 
|  86|0x00000000c7c00000, 0x00000000c7d00000, 0x00000000c7d00000|100%| E|  |TAMS 0x00000000c7c00000, 0x00000000c7c00000| Complete 

Card table byte_map: [0x00000228e24c0000,0x00000228e26b0000] _byte_map_base: 0x00000228e1ead000

Marking Bits (Prev, Next): (CMBitMap*) 0x00000228cdf6cd90, (CMBitMap*) 0x00000228cdf6cd50
 Prev Bits: [0x00000228e3810000, 0x00000228e4778000)
 Next Bits: [0x00000228e28a0000, 0x00000228e3808000)

Polling page: 0x00000228ce000000

Metaspace:

Usage:
  Non-class:     62.49 MB used.
      Class:      9.45 MB used.
       Both:     71.94 MB used.

Virtual space:
  Non-class space:       64.00 MB reserved,      62.81 MB ( 98%) committed,  8 nodes.
      Class space:        1.00 GB reserved,       9.75 MB ( <1%) committed,  1 nodes.
              Both:        1.06 GB reserved,      72.56 MB (  7%) committed. 

Chunk freelists:
   Non-Class:  396.00 KB
       Class:  2.10 MB
        Both:  2.48 MB

MaxMetaspaceSize: 17179869184.00 GB
CompressedClassSpaceSize: 1.00 GB
 - commit_granule_bytes: 65536.
 - commit_granule_words: 8192.
 - virtual_space_node_default_size: 1048576.
 - enlarge_chunks_in_place: 1.
 - new_chunks_are_fully_committed: 0.
 - uncommit_free_chunks: 1.
 - use_allocation_guard: 0.
 - handle_deallocations: 1.


Internal statistics:

num_allocs_failed_limit: 11.
num_arena_births: 900.
num_arena_deaths: 8.
num_vsnodes_births: 9.
num_vsnodes_deaths: 0.
num_space_committed: 1161.
num_space_uncommitted: 0.
num_chunks_returned_to_freelist: 19.
num_chunks_taken_from_freelist: 3452.
num_chunk_merges: 11.
num_chunk_splits: 2313.
num_chunks_enlarged: 1641.
num_purges: 12.

CodeHeap 'non-profiled nmethods': size=238912Kb used=18559Kb max_used=18559Kb free=220353Kb
 bounds [0x00000228d3360000, 0x00000228d4580000, 0x00000228e1cb0000]
CodeHeap 'non-nmethods': size=6848Kb used=1380Kb max_used=1380Kb free=5468Kb
 bounds [0x00000228d2cb0000, 0x00000228d2f20000, 0x00000228d3360000]
 total_blobs=11062 nmethods=10428 adapters=560
 compilation: enabled
              stopped_count=0, restarted_count=0
 full_count=0

Compilation events (20 events):
Event: 505.396 Thread 0x00000228e6d8f130 10419       1       org.springframework.http.MediaType::<init> (21 bytes)
Event: 505.397 Thread 0x00000228e6d8f130 nmethod 10419 0x00000228d457a790 code [0x00000228d457a960, 0x00000228d457ab28]
Event: 505.397 Thread 0x00000228e6d8f130 10421       1       org.springframework.http.MediaType$$Lambda$1097/0x00000001008832a8::<init> (10 bytes)
Event: 505.398 Thread 0x00000228e6d8f130 nmethod 10421 0x00000228d457ad10 code [0x00000228d457aea0, 0x00000228d457afb8]
Event: 513.381 Thread 0x00000228e6d8f130 10423   !   1       org.apache.catalina.core.ContainerBase::getRealmInternal (38 bytes)
Event: 513.382 Thread 0x00000228e6d8f130 nmethod 10423 0x00000228d457b010 code [0x00000228d457b200, 0x00000228d457b4f8]
Event: 537.569 Thread 0x00000228e6d8f130 10425       1       org.springframework.boot.context.logging.LoggingApplicationListener::getOrder (5 bytes)
Event: 537.570 Thread 0x00000228e6d8f130 nmethod 10425 0x00000228d457bb90 code [0x00000228d457bd20, 0x00000228d457bdf8]
Event: 539.782 Thread 0x00000228e6d8f130 10426       1       org.apache.tomcat.util.collections.ManagedConcurrentWeakHashMap::get (21 bytes)
Event: 539.782 Thread 0x00000228e6d8f130 nmethod 10426 0x00000228d457be90 code [0x00000228d457c060, 0x00000228d457c268]
Event: 539.782 Thread 0x00000228e6d8f130 10427       1       org.apache.tomcat.util.collections.ManagedConcurrentWeakHashMap::createLookupKey (10 bytes)
Event: 539.783 Thread 0x00000228e6d8f130 nmethod 10427 0x00000228d457c390 code [0x00000228d457c540, 0x00000228d457c788]
Event: 544.795 Thread 0x00000228e6d8f130 10428       1       javax.management.ObjectName$Property::<init> (20 bytes)
Event: 544.796 Thread 0x00000228e6d8f130 nmethod 10428 0x00000228d457c890 code [0x00000228d457ca20, 0x00000228d457caf8]
Event: 544.796 Thread 0x00000228e6d8f130 10429   !   1       org.apache.catalina.core.ContainerBase::getClusterInternal (38 bytes)
Event: 544.797 Thread 0x00000228e6d8f130 nmethod 10429 0x00000228d457cb90 code [0x00000228d457cd80, 0x00000228d457d078]
Event: 544.801 Thread 0x00000228e6d8f130 10430       1       java.lang.String::getBytes (25 bytes)
Event: 544.801 Thread 0x00000228e6d8f130 nmethod 10430 0x00000228d457d310 code [0x00000228d457d4c0, 0x00000228d457d678]
Event: 544.801 Thread 0x00000228e6d8f130 10431   !   1       java.lang.StringCoding::encode (324 bytes)
Event: 544.805 Thread 0x00000228e6d8f130 nmethod 10431 0x00000228d457d790 code [0x00000228d457db20, 0x00000228d457efa8]

GC Heap History (20 events):
Event: 437.647 GC heap after
{Heap after GC invocations=48 (full 4):
 garbage-first heap   total 89088K, used 30700K [0x00000000c2600000, 0x0000000100000000)
  region size 1024K, 4 young (4096K), 4 survivors (4096K)
 Metaspace       used 72101K, committed 72704K, reserved 1114112K
  class space    used 9529K, committed 9792K, reserved 1048576K
}
Event: 454.565 GC heap before
{Heap before GC invocations=48 (full 4):
 garbage-first heap   total 89088K, used 71660K [0x00000000c2600000, 0x0000000100000000)
  region size 1024K, 44 young (45056K), 4 survivors (4096K)
 Metaspace       used 72477K, committed 73088K, reserved 1114112K
  class space    used 9554K, committed 9856K, reserved 1048576K
}
Event: 454.592 GC heap after
{Heap after GC invocations=49 (full 4):
 garbage-first heap   total 89088K, used 32849K [0x00000000c2600000, 0x0000000100000000)
  region size 1024K, 5 young (5120K), 5 survivors (5120K)
 Metaspace       used 72477K, committed 73088K, reserved 1114112K
  class space    used 9554K, committed 9856K, reserved 1048576K
}
Event: 459.743 GC heap before
{Heap before GC invocations=49 (full 4):
 garbage-first heap   total 89088K, used 33873K [0x00000000c2600000, 0x0000000100000000)
  region size 1024K, 7 young (7168K), 5 survivors (5120K)
 Metaspace       used 72500K, committed 73152K, reserved 1114112K
  class space    used 9556K, committed 9856K, reserved 1048576K
}
Event: 459.853 GC heap after
{Heap after GC invocations=50 (full 5):
 garbage-first heap   total 89088K, used 28771K [0x00000000c2600000, 0x0000000100000000)
  region size 1024K, 0 young (0K), 0 survivors (0K)
 Metaspace       used 72500K, committed 73152K, reserved 1114112K
  class space    used 9556K, committed 9856K, reserved 1048576K
}
Event: 462.725 GC heap before
{Heap before GC invocations=50 (full 5):
 garbage-first heap   total 89088K, used 68707K [0x00000000c2600000, 0x0000000100000000)
  region size 1024K, 40 young (40960K), 0 survivors (0K)
 Metaspace       used 72664K, committed 73344K, reserved 1114112K
  class space    used 9583K, committed 9920K, reserved 1048576K
}
Event: 462.731 GC heap after
{Heap after GC invocations=51 (full 5):
 garbage-first heap   total 89088K, used 31586K [0x00000000c2600000, 0x0000000100000000)
  region size 1024K, 3 young (3072K), 3 survivors (3072K)
 Metaspace       used 72664K, committed 73344K, reserved 1114112K
  class space    used 9583K, committed 9920K, reserved 1048576K
}
Event: 463.051 GC heap before
{Heap before GC invocations=51 (full 5):
 garbage-first heap   total 89088K, used 68450K [0x00000000c2600000, 0x0000000100000000)
  region size 1024K, 40 young (40960K), 3 survivors (3072K)
 Metaspace       used 72664K, committed 73344K, reserved 1114112K
  class space    used 9583K, committed 9920K, reserved 1048576K
}
Event: 463.083 GC heap after
{Heap after GC invocations=52 (full 5):
 garbage-first heap   total 89088K, used 32005K [0x00000000c2600000, 0x0000000100000000)
  region size 1024K, 1 young (1024K), 1 survivors (1024K)
 Metaspace       used 72664K, committed 73344K, reserved 1114112K
  class space    used 9583K, committed 9920K, reserved 1048576K
}
Event: 464.602 GC heap before
{Heap before GC invocations=52 (full 5):
 garbage-first heap   total 89088K, used 69893K [0x00000000c2600000, 0x0000000100000000)
  region size 1024K, 39 young (39936K), 1 survivors (1024K)
 Metaspace       used 73059K, committed 73728K, reserved 1114112K
  class space    used 9617K, committed 9920K, reserved 1048576K
}
Event: 464.622 GC heap after
{Heap after GC invocations=53 (full 5):
 garbage-first heap   total 89088K, used 35154K [0x00000000c2600000, 0x0000000100000000)
  region size 1024K, 4 young (4096K), 4 survivors (4096K)
 Metaspace       used 73059K, committed 73728K, reserved 1114112K
  class space    used 9617K, committed 9920K, reserved 1048576K
}
Event: 481.162 GC heap before
{Heap before GC invocations=53 (full 5):
 garbage-first heap   total 89088K, used 44370K [0x00000000c2600000, 0x0000000100000000)
  region size 1024K, 14 young (14336K), 4 survivors (4096K)
 Metaspace       used 73103K, committed 73728K, reserved 1114112K
  class space    used 9618K, committed 9920K, reserved 1048576K
}
Event: 481.277 GC heap after
{Heap after GC invocations=54 (full 6):
 garbage-first heap   total 89088K, used 29292K [0x00000000c2600000, 0x0000000100000000)
  region size 1024K, 0 young (0K), 0 survivors (0K)
 Metaspace       used 73100K, committed 73728K, reserved 1114112K
  class space    used 9618K, committed 9920K, reserved 1048576K
}
Event: 483.232 GC heap before
{Heap before GC invocations=54 (full 6):
 garbage-first heap   total 89088K, used 69228K [0x00000000c2600000, 0x0000000100000000)
  region size 1024K, 40 young (40960K), 0 survivors (0K)
 Metaspace       used 73233K, committed 73856K, reserved 1114112K
  class space    used 9639K, committed 9920K, reserved 1048576K
}
Event: 483.237 GC heap after
{Heap after GC invocations=55 (full 6):
 garbage-first heap   total 89088K, used 32236K [0x00000000c2600000, 0x0000000100000000)
  region size 1024K, 3 young (3072K), 3 survivors (3072K)
 Metaspace       used 73233K, committed 73856K, reserved 1114112K
  class space    used 9639K, committed 9920K, reserved 1048576K
}
Event: 483.483 GC heap before
{Heap before GC invocations=55 (full 6):
 garbage-first heap   total 89088K, used 69100K [0x00000000c2600000, 0x0000000100000000)
  region size 1024K, 40 young (40960K), 3 survivors (3072K)
 Metaspace       used 73233K, committed 73856K, reserved 1114112K
  class space    used 9639K, committed 9920K, reserved 1048576K
}
Event: 483.488 GC heap after
{Heap after GC invocations=56 (full 6):
 garbage-first heap   total 89088K, used 32364K [0x00000000c2600000, 0x0000000100000000)
  region size 1024K, 3 young (3072K), 3 survivors (3072K)
 Metaspace       used 73233K, committed 73856K, reserved 1114112K
  class space    used 9639K, committed 9920K, reserved 1048576K
}
Event: 484.846 GC heap before
{Heap before GC invocations=56 (full 6):
 garbage-first heap   total 89088K, used 71276K [0x00000000c2600000, 0x0000000100000000)
  region size 1024K, 41 young (41984K), 3 survivors (3072K)
 Metaspace       used 73621K, committed 74240K, reserved 1114112K
  class space    used 9670K, committed 9984K, reserved 1048576K
}
Event: 484.869 GC heap after
{Heap after GC invocations=57 (full 6):
 garbage-first heap   total 89088K, used 35518K [0x00000000c2600000, 0x0000000100000000)
  region size 1024K, 6 young (6144K), 6 survivors (6144K)
 Metaspace       used 73621K, committed 74240K, reserved 1114112K
  class space    used 9670K, committed 9984K, reserved 1048576K
}
Event: 544.809 GC heap before
{Heap before GC invocations=57 (full 6):
 garbage-first heap   total 89088K, used 49854K [0x00000000c2600000, 0x0000000100000000)
  region size 1024K, 21 young (21504K), 6 survivors (6144K)
 Metaspace       used 73665K, committed 74304K, reserved 1114112K
  class space    used 9673K, committed 9984K, reserved 1048576K
}

Deoptimization events (20 events):
Event: 544.796 Thread 0x00000228ebf5b060 DEOPT PACKING pc=0x00000228d41fb0dc sp=0x0000006b629feb70
Event: 544.796 Thread 0x00000228ebf5b060 DEOPT UNPACKING pc=0x00000228d2cfdeaf sp=0x0000006b629fe010 mode 1
Event: 544.796 Thread 0x00000228ebf5b060 DEOPT PACKING pc=0x00000228d41eaa5c sp=0x0000006b629febb0
Event: 544.796 Thread 0x00000228ebf5b060 DEOPT UNPACKING pc=0x00000228d2cfdeaf sp=0x0000006b629fe0b0 mode 1
Event: 544.796 Thread 0x00000228ebf5b5b0 DEOPT PACKING pc=0x00000228d41ef8b4 sp=0x0000006b627fe810
Event: 544.796 Thread 0x00000228ebf5b5b0 DEOPT UNPACKING pc=0x00000228d2cfdeaf sp=0x0000006b627fddb0 mode 1
Event: 544.796 Thread 0x00000228ebf5b5b0 DEOPT PACKING pc=0x00000228d41fb7dc sp=0x0000006b627fe9b0
Event: 544.796 Thread 0x00000228ebf5b5b0 DEOPT UNPACKING pc=0x00000228d2cfdeaf sp=0x0000006b627fdef8 mode 1
Event: 544.796 Thread 0x00000228ebf5b5b0 DEOPT PACKING pc=0x00000228d41fb0dc sp=0x0000006b627fead0
Event: 544.796 Thread 0x00000228ebf5b5b0 DEOPT UNPACKING pc=0x00000228d2cfdeaf sp=0x0000006b627fdf70 mode 1
Event: 544.796 Thread 0x00000228ebf5b5b0 DEOPT PACKING pc=0x00000228d41eaa5c sp=0x0000006b627feb10
Event: 544.796 Thread 0x00000228ebf5b5b0 DEOPT UNPACKING pc=0x00000228d2cfdeaf sp=0x0000006b627fe010 mode 1
Event: 544.802 Thread 0x00000228ebf61000 DEOPT PACKING pc=0x00000228d41ef8b4 sp=0x0000006b64bfeec0
Event: 544.802 Thread 0x00000228ebf61000 DEOPT UNPACKING pc=0x00000228d2cfdeaf sp=0x0000006b64bfe460 mode 1
Event: 544.802 Thread 0x00000228ebf61000 DEOPT PACKING pc=0x00000228d41fb7dc sp=0x0000006b64bff060
Event: 544.802 Thread 0x00000228ebf61000 DEOPT UNPACKING pc=0x00000228d2cfdeaf sp=0x0000006b64bfe5a8 mode 1
Event: 544.802 Thread 0x00000228ebf61000 DEOPT PACKING pc=0x00000228d41fb0dc sp=0x0000006b64bff180
Event: 544.802 Thread 0x00000228ebf61000 DEOPT UNPACKING pc=0x00000228d2cfdeaf sp=0x0000006b64bfe620 mode 1
Event: 544.802 Thread 0x00000228ebf61000 DEOPT PACKING pc=0x00000228d41eaa5c sp=0x0000006b64bff1c0
Event: 544.802 Thread 0x00000228ebf61000 DEOPT UNPACKING pc=0x00000228d2cfdeaf sp=0x0000006b64bfe6c0 mode 1

Classes unloaded (4 events):
Event: 124.478 Thread 0x00000228e6cea840 Unloading class 0x000000010094c000 'org/apache/catalina/loader/JdbcLeakPrevention'
Event: 319.652 Thread 0x00000228e6cea840 Unloading class 0x0000000100970000 'org/apache/catalina/loader/JdbcLeakPrevention'
Event: 434.950 Thread 0x00000228e6cea840 Unloading class 0x0000000100985800 'org/apache/catalina/loader/JdbcLeakPrevention'
Event: 481.196 Thread 0x00000228e6cea840 Unloading class 0x00000001009c4800 'org/apache/catalina/loader/JdbcLeakPrevention'

Classes redefined (20 events):
Event: 427.428 Thread 0x00000228e6cea840 redefined class name=com.demo.controllers.AuctionController, count=1
Event: 427.428 Thread 0x00000228e6cea840 redefined class name=com.demo.controllers.AuctionController, count=1
Event: 457.792 Thread 0x00000228e6cea840 redefined class name=com.demo.controllers.AuctionController, count=2
Event: 457.792 Thread 0x00000228e6cea840 redefined class name=com.demo.controllers.AuctionController, count=2
Event: 457.792 Thread 0x00000228e6cea840 redefined class name=com.demo.controllers.AuctionController, count=1
Event: 457.792 Thread 0x00000228e6cea840 redefined class name=com.demo.controllers.AuctionController, count=2
Event: 457.792 Thread 0x00000228e6cea840 redefined class name=com.demo.controllers.AuctionController, count=2
Event: 480.727 Thread 0x00000228e6cea840 redefined class name=com.demo.controllers.AuctionController, count=3
Event: 480.727 Thread 0x00000228e6cea840 redefined class name=com.demo.controllers.AuctionController, count=3
Event: 480.727 Thread 0x00000228e6cea840 redefined class name=com.demo.controllers.AuctionController, count=2
Event: 480.727 Thread 0x00000228e6cea840 redefined class name=com.demo.controllers.AuctionController, count=3
Event: 480.727 Thread 0x00000228e6cea840 redefined class name=com.demo.controllers.AuctionController, count=3
Event: 480.727 Thread 0x00000228e6cea840 redefined class name=com.demo.controllers.AuctionController, count=1
Event: 535.743 Thread 0x00000228e6cea840 redefined class name=com.demo.controllers.AuctionController, count=4
Event: 535.743 Thread 0x00000228e6cea840 redefined class name=com.demo.controllers.AuctionController, count=3
Event: 535.743 Thread 0x00000228e6cea840 redefined class name=com.demo.controllers.AuctionController, count=1
Event: 535.743 Thread 0x00000228e6cea840 redefined class name=com.demo.controllers.AuctionController, count=4
Event: 535.743 Thread 0x00000228e6cea840 redefined class name=com.demo.controllers.AuctionController, count=4
Event: 535.743 Thread 0x00000228e6cea840 redefined class name=com.demo.controllers.AuctionController, count=4
Event: 535.743 Thread 0x00000228e6cea840 redefined class name=com.demo.controllers.AuctionController, count=2

Internal exceptions (20 events):
Event: 484.047 Thread 0x00000228ebf60010 Exception <a 'java/lang/ClassNotFoundException'{0x00000000c687cdc8}: com/demo/models/AccountCustomizer> (0x00000000c687cdc8) 
thrown [t:\workspace\open\src\hotspot\share\classfile\systemDictionary.cpp, line 256]
Event: 484.063 Thread 0x00000228ebf60010 Exception <a 'java/lang/ClassNotFoundException'{0x00000000c68fd278}: java/lang/ObjectCustomizer> (0x00000000c68fd278) 
thrown [t:\workspace\open\src\hotspot\share\classfile\systemDictionary.cpp, line 256]
Event: 484.066 Thread 0x00000228ebf60010 Exception <a 'java/lang/ClassNotFoundException'{0x00000000c6707528}: com/demo/models/OrdersCustomizer> (0x00000000c6707528) 
thrown [t:\workspace\open\src\hotspot\share\classfile\systemDictionary.cpp, line 256]
Event: 484.073 Thread 0x00000228ebf60010 Exception <a 'java/lang/ClassNotFoundException'{0x00000000c673daf8}: java/lang/ObjectCustomizer> (0x00000000c673daf8) 
thrown [t:\workspace\open\src\hotspot\share\classfile\systemDictionary.cpp, line 256]
Event: 484.077 Thread 0x00000228ebf60010 Exception <a 'java/lang/ClassNotFoundException'{0x00000000c67479d8}: com/demo/models/AuctionCustomizer> (0x00000000c67479d8) 
thrown [t:\workspace\open\src\hotspot\share\classfile\systemDictionary.cpp, line 256]
Event: 484.095 Thread 0x00000228ebf60010 Exception <a 'java/lang/ClassNotFoundException'{0x00000000c67bf430}: java/lang/ObjectCustomizer> (0x00000000c67bf430) 
thrown [t:\workspace\open\src\hotspot\share\classfile\systemDictionary.cpp, line 256]
Event: 484.099 Thread 0x00000228ebf60010 Exception <a 'java/lang/ClassNotFoundException'{0x00000000c67c9f00}: com/demo/models/AuctionhistoryCustomizer> (0x00000000c67c9f00) 
thrown [t:\workspace\open\src\hotspot\share\classfile\systemDictionary.cpp, line 256]
Event: 484.110 Thread 0x00000228ebf60010 Exception <a 'java/lang/ClassNotFoundException'{0x00000000c6602d88}: java/lang/ObjectCustomizer> (0x00000000c6602d88) 
thrown [t:\workspace\open\src\hotspot\share\classfile\systemDictionary.cpp, line 256]
Event: 484.114 Thread 0x00000228ebf60010 Exception <a 'java/lang/ClassNotFoundException'{0x00000000c660d9b0}: com/demo/models/ProductCustomizer> (0x00000000c660d9b0) 
thrown [t:\workspace\open\src\hotspot\share\classfile\systemDictionary.cpp, line 256]
Event: 484.121 Thread 0x00000228ebf60010 Exception <a 'java/lang/ClassNotFoundException'{0x00000000c6648d50}: java/lang/ObjectCustomizer> (0x00000000c6648d50) 
thrown [t:\workspace\open\src\hotspot\share\classfile\systemDictionary.cpp, line 256]
Event: 484.125 Thread 0x00000228ebf60010 Exception <a 'java/lang/ClassNotFoundException'{0x00000000c6653978}: com/demo/models/CategoryCustomizer> (0x00000000c6653978) 
thrown [t:\workspace\open\src\hotspot\share\classfile\systemDictionary.cpp, line 256]
Event: 484.148 Thread 0x00000228ebf60010 Exception <a 'java/lang/ClassNotFoundException'{0x00000000c66f9920}: java/lang/ObjectCustomizer> (0x00000000c66f9920) 
thrown [t:\workspace\open\src\hotspot\share\classfile\systemDictionary.cpp, line 256]
Event: 484.151 Thread 0x00000228ebf60010 Exception <a 'java/lang/ClassNotFoundException'{0x00000000c65049d8}: com/demo/models/FeedbackCustomizer> (0x00000000c65049d8) 
thrown [t:\workspace\open\src\hotspot\share\classfile\systemDictionary.cpp, line 256]
Event: 484.163 Thread 0x00000228ebf60010 Exception <a 'java/lang/ClassNotFoundException'{0x00000000c6555c08}: java/lang/ObjectCustomizer> (0x00000000c6555c08) 
thrown [t:\workspace\open\src\hotspot\share\classfile\systemDictionary.cpp, line 256]
Event: 484.166 Thread 0x00000228ebf60010 Exception <a 'java/lang/ClassNotFoundException'{0x00000000c6560980}: com/demo/models/AuctionproductCustomizer> (0x00000000c6560980) 
thrown [t:\workspace\open\src\hotspot\share\classfile\systemDictionary.cpp, line 256]
Event: 484.171 Thread 0x00000228ebf60010 Exception <a 'java/lang/ClassNotFoundException'{0x00000000c657c800}: java/lang/ObjectCustomizer> (0x00000000c657c800) 
thrown [t:\workspace\open\src\hotspot\share\classfile\systemDictionary.cpp, line 256]
Event: 484.175 Thread 0x00000228ebf60010 Exception <a 'java/lang/ClassNotFoundException'{0x00000000c6587898}: com/demo/models/AuctionproductIdCustomizer> (0x00000000c6587898) 
thrown [t:\workspace\open\src\hotspot\share\classfile\systemDictionary.cpp, line 256]
Event: 496.411 Thread 0x00000228ebf61aa0 Exception <a 'java/lang/ClassNotFoundException'{0x00000000c7390cd0}: java/lang/ObjectCustomizer> (0x00000000c7390cd0) 
thrown [t:\workspace\open\src\hotspot\share\classfile\systemDictionary.cpp, line 256]
Event: 496.417 Thread 0x00000228ebf61aa0 Exception <a 'java/lang/ClassNotFoundException'{0x00000000c739ca68}: com/demo/Dtos/Input/AuctionInputCustomizer> (0x00000000c739ca68) 
thrown [t:\workspace\open\src\hotspot\share\classfile\systemDictionary.cpp, line 256]
Event: 544.795 Thread 0x00000228ebf61550 Exception <a 'java/lang/InterruptedException'{0x00000000c6f9a9d8}: sleep interrupted> (0x00000000c6f9a9d8) 
thrown [t:\workspace\open\src\hotspot\share\prims\jvm.cpp, line 3305]

Events (20 events):
Event: 537.521 Thread 0x00000228e83ee120 Thread added: 0x00000228e83ee120
Event: 537.521 Thread 0x00000228ebf5e580 Thread exited: 0x00000228ebf5e580
Event: 537.663 Thread 0x00000228ebf5bb00 Thread exited: 0x00000228ebf5bb00
Event: 537.719 Executing  VM operation: Cleanup
Event: 537.719 Executing  VM operation: Cleanup done
Event: 539.788 Executing  VM operation: ThreadDump
Event: 539.789 Executing  VM operation: ThreadDump done
Event: 539.789 Executing  VM operation: ThreadDump
Event: 539.789 Executing  VM operation: ThreadDump done
Event: 539.793 Thread 0x00000228ebf60560 Thread exited: 0x00000228ebf60560
Event: 539.794 Thread 0x00000228ebf61aa0 Thread exited: 0x00000228ebf61aa0
Event: 539.795 Thread 0x00000228ebf5fac0 Thread exited: 0x00000228ebf5fac0
Event: 539.795 Thread 0x00000228ebf60010 Thread exited: 0x00000228ebf60010
Event: 544.795 Thread 0x00000228ebf61550 Thread exited: 0x00000228ebf61550
Event: 544.797 Thread 0x00000228ebf5b060 Thread exited: 0x00000228ebf5b060
Event: 544.797 Thread 0x00000228ebf5b5b0 Thread exited: 0x00000228ebf5b5b0
Event: 544.801 Thread 0x00000228e83ef660 Thread added: 0x00000228e83ef660
Event: 544.802 Thread 0x00000228ebf61000 Thread exited: 0x00000228ebf61000
Event: 544.808 Thread 0x00000228e83ef660 Thread exited: 0x00000228e83ef660
Event: 544.809 Executing  VM operation: G1CollectFull


Dynamic libraries:
0x00007ff785ce0000 - 0x00007ff785cee000 	C:\Users\Admin\Downloads\sts-4.12.0.RELEASE\plugins\org.eclipse.justj.openjdk.hotspot.jre.full.win32.x86_64_16.0.2.v20210721-1149\jre\bin\javaw.exe
0x00007ff916e80000 - 0x00007ff917070000 	C:\WINDOWS\SYSTEM32\ntdll.dll
0x00007ff915640000 - 0x00007ff9156f3000 	C:\WINDOWS\System32\KERNEL32.DLL
0x00007ff913ef0000 - 0x00007ff914196000 	C:\WINDOWS\System32\KERNELBASE.dll
0x00007ff913df0000 - 0x00007ff913eea000 	C:\WINDOWS\System32\ucrtbase.dll
0x00007ff910470000 - 0x00007ff910489000 	C:\Users\Admin\Downloads\sts-4.12.0.RELEASE\plugins\org.eclipse.justj.openjdk.hotspot.jre.full.win32.x86_64_16.0.2.v20210721-1149\jre\bin\VCRUNTIME140.dll
0x00007ff90cdd0000 - 0x00007ff90cde8000 	C:\Users\Admin\Downloads\sts-4.12.0.RELEASE\plugins\org.eclipse.justj.openjdk.hotspot.jre.full.win32.x86_64_16.0.2.v20210721-1149\jre\bin\jli.dll
0x00007ff916a30000 - 0x00007ff916bc4000 	C:\WINDOWS\System32\USER32.dll
0x00007ff8f2eb0000 - 0x00007ff8f3134000 	C:\WINDOWS\WinSxS\amd64_microsoft.windows.common-controls_6595b64144ccf1df_6.0.18362.1801_none_9e79a739e46243f0\COMCTL32.dll
0x00007ff914ef0000 - 0x00007ff914f11000 	C:\WINDOWS\System32\win32u.dll
0x00007ff915980000 - 0x00007ff9159a6000 	C:\WINDOWS\System32\GDI32.dll
0x00007ff916c50000 - 0x00007ff916cee000 	C:\WINDOWS\System32\msvcrt.dll
0x00007ff914b60000 - 0x00007ff914cf8000 	C:\WINDOWS\System32\gdi32full.dll
0x00007ff9161e0000 - 0x00007ff916516000 	C:\WINDOWS\System32\combase.dll
0x00007ff914d00000 - 0x00007ff914d9e000 	C:\WINDOWS\System32\msvcp_win.dll
0x00007ff916520000 - 0x00007ff91663f000 	C:\WINDOWS\System32\RPCRT4.dll
0x00007ff914a70000 - 0x00007ff914af4000 	C:\WINDOWS\System32\bcryptPrimitives.dll
0x00007ff916a00000 - 0x00007ff916a2e000 	C:\WINDOWS\System32\IMM32.DLL
0x00007ff910750000 - 0x00007ff91075c000 	C:\Users\Admin\Downloads\sts-4.12.0.RELEASE\plugins\org.eclipse.justj.openjdk.hotspot.jre.full.win32.x86_64_16.0.2.v20210721-1149\jre\bin\vcruntime140_1.dll
0x00007ff9056c0000 - 0x00007ff905751000 	C:\Users\Admin\Downloads\sts-4.12.0.RELEASE\plugins\org.eclipse.justj.openjdk.hotspot.jre.full.win32.x86_64_16.0.2.v20210721-1149\jre\bin\msvcp140.dll
0x00007ff8c08d0000 - 0x00007ff8c147b000 	C:\Users\Admin\Downloads\sts-4.12.0.RELEASE\plugins\org.eclipse.justj.openjdk.hotspot.jre.full.win32.x86_64_16.0.2.v20210721-1149\jre\bin\server\jvm.dll
0x00007ff914f30000 - 0x00007ff914fd3000 	C:\WINDOWS\System32\ADVAPI32.dll
0x00007ff9150c0000 - 0x00007ff915157000 	C:\WINDOWS\System32\sechost.dll
0x00007ff916bd0000 - 0x00007ff916bd8000 	C:\WINDOWS\System32\PSAPI.DLL
0x00007ff911c40000 - 0x00007ff911c64000 	C:\WINDOWS\SYSTEM32\WINMM.dll
0x00007ff910770000 - 0x00007ff910779000 	C:\WINDOWS\SYSTEM32\WSOCK32.dll
0x00007ff915910000 - 0x00007ff91597f000 	C:\WINDOWS\System32\WS2_32.dll
0x00007ff912e40000 - 0x00007ff912e4a000 	C:\WINDOWS\SYSTEM32\VERSION.dll
0x00007ff911c10000 - 0x00007ff911c3d000 	C:\WINDOWS\SYSTEM32\WINMMBASE.dll
0x00007ff914e70000 - 0x00007ff914eba000 	C:\WINDOWS\System32\cfgmgr32.dll
0x00007ff913d40000 - 0x00007ff913d51000 	C:\WINDOWS\System32\kernel.appcore.dll
0x00007ff910760000 - 0x00007ff91076a000 	C:\Users\Admin\Downloads\sts-4.12.0.RELEASE\plugins\org.eclipse.justj.openjdk.hotspot.jre.full.win32.x86_64_16.0.2.v20210721-1149\jre\bin\jimage.dll
0x00007ff8ff730000 - 0x00007ff8ff924000 	C:\WINDOWS\SYSTEM32\DBGHELP.DLL
0x00007ff8ff700000 - 0x00007ff8ff72a000 	C:\WINDOWS\SYSTEM32\dbgcore.DLL
0x00007ff8ec6d0000 - 0x00007ff8ec70b000 	C:\Users\Admin\Downloads\sts-4.12.0.RELEASE\plugins\org.eclipse.justj.openjdk.hotspot.jre.full.win32.x86_64_16.0.2.v20210721-1149\jre\bin\jdwp.dll
0x00007ff90d890000 - 0x00007ff90d89e000 	C:\Users\Admin\Downloads\sts-4.12.0.RELEASE\plugins\org.eclipse.justj.openjdk.hotspot.jre.full.win32.x86_64_16.0.2.v20210721-1149\jre\bin\instrument.dll
0x00007ff906fe0000 - 0x00007ff907005000 	C:\Users\Admin\Downloads\sts-4.12.0.RELEASE\plugins\org.eclipse.justj.openjdk.hotspot.jre.full.win32.x86_64_16.0.2.v20210721-1149\jre\bin\java.dll
0x00007ff90d680000 - 0x00007ff90d698000 	C:\Users\Admin\Downloads\sts-4.12.0.RELEASE\plugins\org.eclipse.justj.openjdk.hotspot.jre.full.win32.x86_64_16.0.2.v20210721-1149\jre\bin\zip.dll
0x00007ff915af0000 - 0x00007ff9161d7000 	C:\WINDOWS\System32\SHELL32.dll
0x00007ff915700000 - 0x00007ff9157a9000 	C:\WINDOWS\System32\shcore.dll
0x00007ff9141a0000 - 0x00007ff91491b000 	C:\WINDOWS\System32\windows.storage.dll
0x00007ff913d80000 - 0x00007ff913d9e000 	C:\WINDOWS\System32\profapi.dll
0x00007ff913da0000 - 0x00007ff913dea000 	C:\WINDOWS\System32\powrprof.dll
0x00007ff913d30000 - 0x00007ff913d40000 	C:\WINDOWS\System32\UMPDC.dll
0x00007ff915160000 - 0x00007ff9151b2000 	C:\WINDOWS\System32\shlwapi.dll
0x00007ff914e50000 - 0x00007ff914e67000 	C:\WINDOWS\System32\cryptsp.dll
0x00007ff9061b0000 - 0x00007ff9061bc000 	C:\Users\Admin\Downloads\sts-4.12.0.RELEASE\plugins\org.eclipse.justj.openjdk.hotspot.jre.full.win32.x86_64_16.0.2.v20210721-1149\jre\bin\dt_socket.dll
0x00007ff9131e0000 - 0x00007ff91321a000 	C:\WINDOWS\SYSTEM32\IPHLPAPI.DLL
0x00007ff9134c0000 - 0x00007ff913527000 	C:\WINDOWS\system32\mswsock.dll
0x00007ff913220000 - 0x00007ff9132ea000 	C:\WINDOWS\SYSTEM32\DNSAPI.dll
0x00007ff914f20000 - 0x00007ff914f28000 	C:\WINDOWS\System32\NSI.dll
0x00007ff90b500000 - 0x00007ff90b50a000 	C:\Windows\System32\rasadhlp.dll
0x00007ff9072f0000 - 0x00007ff907367000 	C:\WINDOWS\System32\fwpuclnt.dll
0x00007ff914ec0000 - 0x00007ff914ee6000 	C:\WINDOWS\System32\bcrypt.dll
0x00007ff90d2c0000 - 0x00007ff90d2d9000 	C:\Users\Admin\Downloads\sts-4.12.0.RELEASE\plugins\org.eclipse.justj.openjdk.hotspot.jre.full.win32.x86_64_16.0.2.v20210721-1149\jre\bin\net.dll
0x00007ff9076c0000 - 0x00007ff9077b9000 	C:\WINDOWS\SYSTEM32\WINHTTP.dll
0x00007ff906cd0000 - 0x00007ff906ce3000 	C:\Users\Admin\Downloads\sts-4.12.0.RELEASE\plugins\org.eclipse.justj.openjdk.hotspot.jre.full.win32.x86_64_16.0.2.v20210721-1149\jre\bin\nio.dll
0x00007ff90cdc0000 - 0x00007ff90cdc9000 	C:\Users\Admin\Downloads\sts-4.12.0.RELEASE\plugins\org.eclipse.justj.openjdk.hotspot.jre.full.win32.x86_64_16.0.2.v20210721-1149\jre\bin\management.dll
0x00007ff90cdb0000 - 0x00007ff90cdbb000 	C:\Users\Admin\Downloads\sts-4.12.0.RELEASE\plugins\org.eclipse.justj.openjdk.hotspot.jre.full.win32.x86_64_16.0.2.v20210721-1149\jre\bin\management_ext.dll
0x00007ff910510000 - 0x00007ff910526000 	C:\WINDOWS\system32\napinsp.dll
0x00007ff9104f0000 - 0x00007ff91050a000 	C:\WINDOWS\system32\pnrpnsp.dll
0x00007ff90e090000 - 0x00007ff90e0a5000 	C:\WINDOWS\system32\wshbth.dll
0x00007ff910350000 - 0x00007ff91036c000 	C:\WINDOWS\system32\NLAapi.dll
0x00007ff9104e0000 - 0x00007ff9104ee000 	C:\WINDOWS\System32\winrnr.dll
0x00007ff913050000 - 0x00007ff913083000 	C:\WINDOWS\system32\rsaenh.dll
0x00007ff913c50000 - 0x00007ff913c75000 	C:\WINDOWS\SYSTEM32\USERENV.dll
0x00007ff913640000 - 0x00007ff91364c000 	C:\WINDOWS\SYSTEM32\CRYPTBASE.dll
0x00007ff9075d0000 - 0x00007ff9075e6000 	C:\WINDOWS\SYSTEM32\dhcpcsvc6.DLL
0x00007ff9075b0000 - 0x00007ff9075cc000 	C:\WINDOWS\SYSTEM32\dhcpcsvc.DLL
0x00007ff910430000 - 0x00007ff910440000 	C:\Users\Admin\Downloads\sts-4.12.0.RELEASE\plugins\org.eclipse.justj.openjdk.hotspot.jre.full.win32.x86_64_16.0.2.v20210721-1149\jre\bin\verify.dll
0x00007ff9104d0000 - 0x00007ff9104de000 	C:\Users\Admin\Downloads\sts-4.12.0.RELEASE\plugins\org.eclipse.justj.openjdk.hotspot.jre.full.win32.x86_64_16.0.2.v20210721-1149\jre\bin\sunmscapi.dll
0x00007ff914920000 - 0x00007ff914a6a000 	C:\WINDOWS\System32\CRYPT32.dll
0x00007ff913d60000 - 0x00007ff913d72000 	C:\WINDOWS\System32\MSASN1.dll
0x00007ff9137e0000 - 0x00007ff913806000 	C:\WINDOWS\SYSTEM32\ncrypt.dll
0x00007ff9137a0000 - 0x00007ff9137db000 	C:\WINDOWS\SYSTEM32\NTASN1.dll
0x00007ff902820000 - 0x00007ff902827000 	C:\WINDOWS\system32\wshunix.dll

dbghelp: loaded successfully - version: 4.0.5 - missing functions: none
symbol engine: initialized successfully - sym options: 0x614 - pdb path: .;C:\Users\Admin\Downloads\sts-4.12.0.RELEASE\plugins\org.eclipse.justj.openjdk.hotspot.jre.full.win32.x86_64_16.0.2.v20210721-1149\jre\bin;C:\WINDOWS\SYSTEM32;C:\WINDOWS\WinSxS\amd64_microsoft.windows.common-controls_6595b64144ccf1df_6.0.18362.1801_none_9e79a739e46243f0;C:\Users\Admin\Downloads\sts-4.12.0.RELEASE\plugins\org.eclipse.justj.openjdk.hotspot.jre.full.win32.x86_64_16.0.2.v20210721-1149\jre\bin\server

VM Arguments:
jvm_args: -XX:+ShowCodeDetailsInExceptionMessages -agentlib:jdwp=transport=dt_socket,suspend=y,address=localhost:55987 -Dcom.sun.management.jmxremote -Dcom.sun.management.jmxremote.port=55986 -Dcom.sun.management.jmxremote.authenticate=false -Dcom.sun.management.jmxremote.ssl=false -Djava.rmi.server.hostname=localhost -Dspring.jmx.enabled=true -Dspring.application.admin.enabled=true -XX:TieredStopAtLevel=1 -Dspring.boot.project.name=ApiProject -javaagent:C:\Users\Admin\Downloads\sts-4.12.0.RELEASE\configuration\org.eclipse.osgi\259\0\.cp\lib\javaagent-shaded.jar -Dfile.encoding=UTF-8 
java_command: com.demo.ApiProjectApplication --spring.output.ansi.enabled=always
java_class_path (initial): C:\Users\Admin\Desktop\Project4\ApiProject\target\classes;C:\Users\Admin\.m2\repository\org\springframework\spring-aop\5.3.13\spring-aop-5.3.13.jar;C:\Users\Admin\.m2\repository\org\springframework\spring-beans\5.3.13\spring-beans-5.3.13.jar;C:\Users\Admin\.m2\repository\org\springframework\spring-context\5.3.13\spring-context-5.3.13.jar;C:\Users\Admin\.m2\repository\org\springframework\spring-expression\5.3.13\spring-expression-5.3.13.jar;C:\Users\Admin\.m2\repository\org\springframework\spring-core\5.3.13\spring-core-5.3.13.jar;C:\Users\Admin\.m2\repository\org\springframework\spring-jcl\5.3.13\spring-jcl-5.3.13.jar;C:\Users\Admin\.m2\repository\org\springframework\boot\spring-boot-starter-data-jpa\2.6.1\spring-boot-starter-data-jpa-2.6.1.jar;C:\Users\Admin\.m2\repository\org\springframework\boot\spring-boot-starter-aop\2.6.1\spring-boot-starter-aop-2.6.1.jar;C:\Users\Admin\.m2\repository\org\aspectj\aspectjweaver\1.9.7\aspectjweaver-1.9.7.jar;C:\Users\Admin\.m2\repository\org\springframework\boot\spring-boot-starter-jdbc\2.6.1\spring-boot-starter-jdbc-2.6.1.jar;C:\Users\Admin\.m2\repository\com\zaxxer\HikariCP\4.0.3\HikariCP-4.0.3.jar;C:\Users\Admin\.m2\repository\org\springframework\spring-jdbc\5.3.13\spring-jdbc-5.3.13.jar;C:\Users\Admin\.m2\repository\jakarta\transaction\jakarta.transaction-api\1.3.3\jakarta.transaction-api-1.3.3.jar;C:\Users\Admin\.m2\repository\jakarta\persistence\jakarta.persistence-api\2.2.3\jakarta.persistence-api-2.2.3.jar;C:\Users\Admin\.m2\repository\org\hibernate\hibernate-core\5.6.1.Final\hibernate-core-5.6.1.Final.jar;C:\Users\Admin\.m2\repository\org\jboss\logging\jboss-logging\3.4.2.Final\jboss-logging-3.4.2.Final.jar;C:\Users\Admin\.m2\repository\net\bytebuddy\byte-buddy\1.11.22\byte-buddy-1.11.22.jar;C:\Users\Admin\.m2\repository\antlr\antlr\2.7.7\antlr-2.7.7.jar;C:\Users\Admin\.m2\repository\org\jboss\jandex\2.2.3.Final\jandex-2.2.3.Final.jar;C:\Users\Admin\.m2\repository\com\fasterxml\classmate\1.5
Launcher Type: SUN_STANDARD

[Global flags]
     intx CICompilerCount                          = 3                                         {product} {ergonomic}
     uint ConcGCThreads                            = 1                                         {product} {ergonomic}
     uint G1ConcRefinementThreads                  = 4                                         {product} {ergonomic}
   size_t G1HeapRegionSize                         = 1048576                                   {product} {ergonomic}
    uintx GCDrainStackTargetSize                   = 64                                        {product} {ergonomic}
   size_t InitialHeapSize                          = 65011712                                  {product} {ergonomic}
     bool ManagementServer                         = true                                      {product} {command line}
   size_t MarkStackSize                            = 4194304                                   {product} {ergonomic}
   size_t MaxHeapSize                              = 1033895936                                {product} {ergonomic}
   size_t MaxNewSize                               = 619708416                                 {product} {ergonomic}
   size_t MinHeapDeltaBytes                        = 1048576                                   {product} {ergonomic}
   size_t MinHeapSize                              = 8388608                                   {product} {ergonomic}
    uintx NonNMethodCodeHeapSize                   = 6973028                                {pd product} {ergonomic}
    uintx NonProfiledCodeHeapSize                  = 244685212                              {pd product} {ergonomic}
    uintx ProfiledCodeHeapSize                     = 0                                      {pd product} {ergonomic}
    uintx ReservedCodeCacheSize                    = 251658240                              {pd product} {ergonomic}
     bool SegmentedCodeCache                       = true                                      {product} {ergonomic}
     bool ShowCodeDetailsInExceptionMessages       = true                                   {manageable} {command line}
   size_t SoftMaxHeapSize                          = 1033895936                             {manageable} {ergonomic}
     intx TieredStopAtLevel                        = 1                                         {product} {command line}
     bool UseCompressedClassPointers               = true                           {product lp64_product} {ergonomic}
     bool UseCompressedOops                        = true                           {product lp64_product} {ergonomic}
     bool UseG1GC                                  = true                                      {product} {ergonomic}
     bool UseLargePagesIndividualAllocation        = false                                  {pd product} {ergonomic}

Logging:
Log output configuration:
 #0: stdout all=warning uptime,level,tags
 #1: stderr all=off uptime,level,tags

Environment Variables:
PATH=C:\Users\Admin\Downloads\sts-4.12.0.RELEASE\plugins\org.eclipse.justj.openjdk.hotspot.jre.full.win32.x86_64_16.0.2.v20210721-1149\jre\bin;C:/Users/Admin/Downloads/sts-4.12.0.RELEASE//plugins/org.eclipse.justj.openjdk.hotspot.jre.full.win32.x86_64_16.0.2.v20210721-1149/jre/bin/server;C:/Users/Admin/Downloads/sts-4.12.0.RELEASE//plugins/org.eclipse.justj.openjdk.hotspot.jre.full.win32.x86_64_16.0.2.v20210721-1149/jre/bin;C:\Program Files\Common Files\Oracle\Java\javapath;C:\WINDOWS\system32;C:\WINDOWS;C:\WINDOWS\System32\Wbem;C:\WINDOWS\System32\WindowsPowerShell\v1.0\;C:\WINDOWS\System32\OpenSSH\;C:\Program Files\nodejs\;C:\Program Files\Microsoft SQL Server\Client SDK\ODBC\170\Tools\Binn\;C:\Program Files (x86)\Microsoft SQL Server\150\Tools\Binn\;C:\Program Files\Microsoft SQL Server\150\Tools\Binn\;C:\Program Files\Microsoft SQL Server\150\DTS\Binn\;C:\Program Files\Microsoft SQL Server\130\Tools\Binn\;C:\Program Files (x86)\Microsoft SQL Server\150\DTS\Binn\;C:\Program Files\Azure Data Studio\bin;C:\Program Files\Git\cmd;C:\Program Files\Go\bin;C:\Users\TheLight\AppData\Local\Microsoft\WindowsApps\Microsoft.WindowsTerminal_8wekyb3d8bbwe;;C:\Program Files\Docker\Docker\resources\bin;C:\ProgramData\DockerDesktop\version-bin;C:\Program Files\TortoiseSVN\bin;C:\Program Files\dotnet\;C:\Users\Admin\AppData\Local\Microsoft\WindowsApps;C:\Users\Admin\AppData\Local\Programs\Microsoft VS Code\bin;C:\Users\Admin\AppData\Roaming\npm;C:\Program Files\Azure Data Studio\bin;C:\Users\Admin\go\bin;C:\fluter\flutter\bin;C:\Users\Admin\.dotnet\tools;C:\dart-sdk\bin;C:\Users\Admin\AppData\Local\Microsoft\WindowsApps\Microsoft.WindowsTerminal_8wekyb3d8bbwe;;C:\Users\Admin\Downloads\sts-4.12.0.RELEASE;
USERNAME=Admin
OS=Windows_NT
PROCESSOR_IDENTIFIER=Intel64 Family 6 Model 92 Stepping 9, GenuineIntel



---------------  S Y S T E M  ---------------

OS:
 Windows 10 , 64 bit Build 18362 (10.0.18362.1766)
OS uptime: 0 days 8:33 hours
Hyper-V role detected

CPU: total 4 (initial active 4) (4 cores per cpu, 1 threads per core) family 6 model 92 stepping 9 microcode 0x32, cx8, cmov, fxsr, mmx, 3dnowpref, sse, sse2, sse3, ssse3, sse4.1, sse4.2, popcnt, tsc, tscinvbit, aes, erms, clmul, sha, clflush, clflushopt, hv

Memory: 4k page, system-wide physical 3936M (504M free)
TotalPageFile size 8288M (AvailPageFile size 1688M)
current process WorkingSet (physical memory assigned to process): 230M, peak: 253M
current process commit charge ("private bytes"): 288M, peak: 288M

vm_info: OpenJDK 64-Bit Server VM (16.0.2+7-67) for windows-amd64 JRE (16.0.2+7-67), built on Jun  8 2021 23:21:43 by "mach5one" with MS VC++ 16.7 (VS2019)

END.
